[2018-11-21 16:47:19] request.INFO: Matched route "admin_module_manage". {"route":"admin_module_manage","route_parameters":{"category":null,"keyword":null,"_controller":"PrestaShopBundle\\Controller\\Admin\\ModuleController::manageAction","_legacy_controller":"AdminModulesManage","_route":"admin_module_manage"},"request_uri":"http://localhost/prestashop/admin5957rajmy/index.php/module/manage?_token=jN7TRMMNBJmzCm9zPI4PISaPhfDU3ScNUpO5baHREJQ","method":"GET"} []
[2018-11-21 16:47:19] security.DEBUG: Read existing security token from the session. {"key":"_security_main","token_class":"Symfony\\Component\\Security\\Core\\Authentication\\Token\\UsernamePasswordToken"} []
[2018-11-21 16:47:19] security.DEBUG: User was reloaded from a user provider. {"provider":"PrestaShopBundle\\Security\\Admin\\EmployeeProvider","username":"alequiroz098@gmail.com"} []
[2018-11-21 16:47:25] app.ERROR: Data from PrestaShop Addons is invalid, and cannot fallback on cache.  {"exception":"cURL error 28: Operation timed out after 5000 milliseconds with 975129374883840 bytes received"} []
[2018-11-21 16:47:30] security.DEBUG: Stored the security token in the session. {"key":"_security_main"} []
[2018-11-21 16:47:34] request.INFO: Matched route "admin_module_notification_count". {"route":"admin_module_notification_count","route_parameters":{"_controller":"PrestaShopBundle\\Controller\\Admin\\ModuleController::notificationsCountAction","_legacy_controller":"AdminModulesNotifications","_route":"admin_module_notification_count"},"request_uri":"http://localhost/prestashop/admin5957rajmy/index.php/module/notifications/count?_token=jN7TRMMNBJmzCm9zPI4PISaPhfDU3ScNUpO5baHREJQ","method":"GET"} []
[2018-11-21 16:47:34] security.DEBUG: Read existing security token from the session. {"key":"_security_main","token_class":"Symfony\\Component\\Security\\Core\\Authentication\\Token\\UsernamePasswordToken"} []
[2018-11-21 16:47:34] security.DEBUG: User was reloaded from a user provider. {"provider":"PrestaShopBundle\\Security\\Admin\\EmployeeProvider","username":"alequiroz098@gmail.com"} []
[2018-11-21 16:47:40] app.ERROR: Data from PrestaShop Addons is invalid, and cannot fallback on cache.  {"exception":"cURL error 28: Operation timed out after 5000 milliseconds with 1051717231706112 bytes received"} []
[2018-11-21 16:47:41] security.DEBUG: Stored the security token in the session. {"key":"_security_main"} []
[2018-11-21 16:53:09] request.INFO: Matched route "admin_module_catalog_refresh". {"route":"admin_module_catalog_refresh","route_parameters":{"category":null,"keyword":null,"_controller":"PrestaShopBundle\\Controller\\Admin\\ModuleController::refreshCatalogAction","_legacy_controller":"AdminModulesCatalog","_route":"admin_module_catalog_refresh"},"request_uri":"http://localhost/prestashop/admin5957rajmy/index.php/module/catalog/refresh?_token=jN7TRMMNBJmzCm9zPI4PISaPhfDU3ScNUpO5baHREJQ","method":"GET"} []
[2018-11-21 16:53:09] security.DEBUG: Read existing security token from the session. {"key":"_security_main","token_class":"Symfony\\Component\\Security\\Core\\Authentication\\Token\\UsernamePasswordToken"} []
[2018-11-21 16:53:09] security.DEBUG: User was reloaded from a user provider. {"provider":"PrestaShopBundle\\Security\\Admin\\EmployeeProvider","username":"alequiroz098@gmail.com"} []
[2018-11-21 16:53:15] app.ERROR: Data from PrestaShop Addons is invalid, and cannot fallback on cache.  {"exception":"cURL error 28: Operation timed out after 5000 milliseconds with 553299161907200 bytes received"} []
[2018-11-21 16:53:16] security.DEBUG: Stored the security token in the session. {"key":"_security_main"} []
[2018-11-21 16:53:09] request.INFO: Matched route "admin_module_notification_count". {"route":"admin_module_notification_count","route_parameters":{"_controller":"PrestaShopBundle\\Controller\\Admin\\ModuleController::notificationsCountAction","_legacy_controller":"AdminModulesNotifications","_route":"admin_module_notification_count"},"request_uri":"http://localhost/prestashop/admin5957rajmy/index.php/module/notifications/count?_token=jN7TRMMNBJmzCm9zPI4PISaPhfDU3ScNUpO5baHREJQ","method":"GET"} []
[2018-11-21 16:53:16] security.DEBUG: Read existing security token from the session. {"key":"_security_main","token_class":"Symfony\\Component\\Security\\Core\\Authentication\\Token\\UsernamePasswordToken"} []
[2018-11-21 16:53:16] security.DEBUG: User was reloaded from a user provider. {"provider":"PrestaShopBundle\\Security\\Admin\\EmployeeProvider","username":"alequiroz098@gmail.com"} []
[2018-11-21 16:53:22] app.ERROR: Data from PrestaShop Addons is invalid, and cannot fallback on cache.  {"exception":"cURL error 28: Operation timed out after 5000 milliseconds with 618763053432832 bytes received"} []
[2018-11-21 16:53:22] security.DEBUG: Stored the security token in the session. {"key":"_security_main"} []
[2018-11-21 16:53:59] request.INFO: Matched route "admin_module_catalog_refresh". {"route":"admin_module_catalog_refresh","route_parameters":{"category":null,"keyword":null,"_controller":"PrestaShopBundle\\Controller\\Admin\\ModuleController::refreshCatalogAction","_legacy_controller":"AdminModulesCatalog","_route":"admin_module_catalog_refresh"},"request_uri":"http://localhost/prestashop/admin5957rajmy/index.php/module/catalog/refresh?_token=jN7TRMMNBJmzCm9zPI4PISaPhfDU3ScNUpO5baHREJQ","method":"GET"} []
[2018-11-21 16:53:59] security.DEBUG: Read existing security token from the session. {"key":"_security_main","token_class":"Symfony\\Component\\Security\\Core\\Authentication\\Token\\UsernamePasswordToken"} []
[2018-11-21 16:53:59] security.DEBUG: User was reloaded from a user provider. {"provider":"PrestaShopBundle\\Security\\Admin\\EmployeeProvider","username":"alequiroz098@gmail.com"} []
[2018-11-21 16:54:05] app.ERROR: Data from PrestaShop Addons is invalid, and cannot fallback on cache.  {"exception":"cURL error 28: Operation timed out after 5000 milliseconds with 834391886528512 bytes received"} []
[2018-11-21 16:54:06] security.DEBUG: Stored the security token in the session. {"key":"_security_main"} []
[2018-11-21 16:53:59] request.INFO: Matched route "admin_module_notification_count". {"route":"admin_module_notification_count","route_parameters":{"_controller":"PrestaShopBundle\\Controller\\Admin\\ModuleController::notificationsCountAction","_legacy_controller":"AdminModulesNotifications","_route":"admin_module_notification_count"},"request_uri":"http://localhost/prestashop/admin5957rajmy/index.php/module/notifications/count?_token=jN7TRMMNBJmzCm9zPI4PISaPhfDU3ScNUpO5baHREJQ","method":"GET"} []
[2018-11-21 16:54:06] security.DEBUG: Read existing security token from the session. {"key":"_security_main","token_class":"Symfony\\Component\\Security\\Core\\Authentication\\Token\\UsernamePasswordToken"} []
[2018-11-21 16:54:06] security.DEBUG: User was reloaded from a user provider. {"provider":"PrestaShopBundle\\Security\\Admin\\EmployeeProvider","username":"alequiroz098@gmail.com"} []
[2018-11-21 16:54:12] app.ERROR: Data from PrestaShop Addons is invalid, and cannot fallback on cache.  {"exception":"cURL error 28: Operation timed out after 5000 milliseconds with 618763053432832 bytes received"} []
[2018-11-21 16:54:13] security.DEBUG: Stored the security token in the session. {"key":"_security_main"} []
[2018-11-22 18:32:02] request.INFO: Matched route "admin_module_manage". {"route":"admin_module_manage","route_parameters":{"category":null,"keyword":null,"_controller":"PrestaShopBundle\\Controller\\Admin\\ModuleController::manageAction","_legacy_controller":"AdminModulesManage","_route":"admin_module_manage"},"request_uri":"http://localhost/prestashop/admin5957rajmy/index.php/module/manage?_token=uayXHMLCeWHZmfM3jVFyCeOo8HeyMX2KwVpxWpPNt28","method":"GET"} []
[2018-11-22 18:32:03] security.INFO: Populated the TokenStorage with an anonymous Token. [] []
[2018-11-22 18:32:13] app.ERROR: Data from PrestaShop Addons is invalid, and cannot fallback on cache.  {"exception":"cURL error 28: Operation timed out after 5000 milliseconds with 726364869099520 bytes received"} []
[2018-11-22 18:32:25] security.DEBUG: Stored the security token in the session. {"key":"_security_main"} []
[2018-11-22 18:32:37] request.INFO: Matched route "admin_module_notification_count". {"route":"admin_module_notification_count","route_parameters":{"_controller":"PrestaShopBundle\\Controller\\Admin\\ModuleController::notificationsCountAction","_legacy_controller":"AdminModulesNotifications","_route":"admin_module_notification_count"},"request_uri":"http://localhost/prestashop/admin5957rajmy/index.php/module/notifications/count?_token=uayXHMLCeWHZmfM3jVFyCeOo8HeyMX2KwVpxWpPNt28","method":"GET"} []
[2018-11-22 18:32:37] security.DEBUG: Read existing security token from the session. {"key":"_security_main","token_class":"Symfony\\Component\\Security\\Core\\Authentication\\Token\\UsernamePasswordToken"} []
[2018-11-22 18:32:37] security.DEBUG: User was reloaded from a user provider. {"provider":"PrestaShopBundle\\Security\\Admin\\EmployeeProvider","username":"alequiroz098@gmail.com"} []
[2018-11-22 18:32:43] app.ERROR: Data from PrestaShop Addons is invalid, and cannot fallback on cache.  {"exception":"cURL error 28: Operation timed out after 5000 milliseconds with 618801708138496 bytes received"} []
[2018-11-22 18:32:44] security.DEBUG: Stored the security token in the session. {"key":"_security_main"} []
[2018-11-22 18:33:53] request.INFO: Matched route "admin_module_manage". {"route":"admin_module_manage","route_parameters":{"category":null,"keyword":null,"_controller":"PrestaShopBundle\\Controller\\Admin\\ModuleController::manageAction","_legacy_controller":"AdminModulesManage","_route":"admin_module_manage"},"request_uri":"http://localhost/prestashop/admin5957rajmy/index.php/module/manage?_token=uayXHMLCeWHZmfM3jVFyCeOo8HeyMX2KwVpxWpPNt28","method":"GET"} []
[2018-11-22 18:33:54] security.DEBUG: Read existing security token from the session. {"key":"_security_main","token_class":"Symfony\\Component\\Security\\Core\\Authentication\\Token\\UsernamePasswordToken"} []
[2018-11-22 18:33:54] security.DEBUG: User was reloaded from a user provider. {"provider":"PrestaShopBundle\\Security\\Admin\\EmployeeProvider","username":"alequiroz098@gmail.com"} []
[2018-11-22 18:33:59] app.ERROR: Data from PrestaShop Addons is invalid, and cannot fallback on cache.  {"exception":"cURL error 28: Operation timed out after 5000 milliseconds with 836350391615488 bytes received"} []
[2018-11-22 18:34:02] security.DEBUG: Stored the security token in the session. {"key":"_security_main"} []
[2018-11-22 18:34:06] request.INFO: Matched route "admin_module_notification_count". {"route":"admin_module_notification_count","route_parameters":{"_controller":"PrestaShopBundle\\Controller\\Admin\\ModuleController::notificationsCountAction","_legacy_controller":"AdminModulesNotifications","_route":"admin_module_notification_count"},"request_uri":"http://localhost/prestashop/admin5957rajmy/index.php/module/notifications/count?_token=uayXHMLCeWHZmfM3jVFyCeOo8HeyMX2KwVpxWpPNt28","method":"GET"} []
[2018-11-22 18:34:06] security.DEBUG: Read existing security token from the session. {"key":"_security_main","token_class":"Symfony\\Component\\Security\\Core\\Authentication\\Token\\UsernamePasswordToken"} []
[2018-11-22 18:34:06] security.DEBUG: User was reloaded from a user provider. {"provider":"PrestaShopBundle\\Security\\Admin\\EmployeeProvider","username":"alequiroz098@gmail.com"} []
[2018-11-22 18:34:12] app.ERROR: Data from PrestaShop Addons is invalid, and cannot fallback on cache.  {"exception":"cURL error 28: Operation timed out after 5000 milliseconds with 764366739734528 bytes received"} []
[2018-11-22 18:34:13] security.DEBUG: Stored the security token in the session. {"key":"_security_main"} []
[2018-11-22 18:35:58] request.INFO: Matched route "admin_module_catalog_post". {"route":"admin_module_catalog_post","route_parameters":{"_controller":"PrestaShopBundle\\Controller\\Admin\\ModuleController::getPreferredModulesAction","_legacy_controller":"AdminModulesCatalog","_route":"admin_module_catalog_post"},"request_uri":"http://localhost/prestashop/admin5957rajmy/index.php/module/catalog/recommended?_token=uayXHMLCeWHZmfM3jVFyCeOo8HeyMX2KwVpxWpPNt28&action=getTabModulesList&admin_list_from_source=back-office%2CAdminCategories%2Cedit&ajax=1&back_tab_modules_list=http%3A%2F%2Flocalhost%2Fprestashop%2Fadmin5957rajmy%2Findex.php%3Fcontroller%3DAdminCategories%26id_category%3D10%26updatecategory%26token%3D1320768ecbfabd6039adbceeef359126&controller=AdminModules&route=admin_module_catalog_post&tab_modules_list=innovativemenu%2Cproductsbycategoryslider%2Cslidercategory%2Capiway","method":"GET"} []
[2018-11-22 18:35:58] security.DEBUG: Read existing security token from the session. {"key":"_security_main","token_class":"Symfony\\Component\\Security\\Core\\Authentication\\Token\\UsernamePasswordToken"} []
[2018-11-22 18:35:58] security.DEBUG: User was reloaded from a user provider. {"provider":"PrestaShopBundle\\Security\\Admin\\EmployeeProvider","username":"alequiroz098@gmail.com"} []
[2018-11-22 18:36:04] app.ERROR: Data from PrestaShop Addons is invalid, and cannot fallback on cache.  {"exception":"cURL error 28: Operation timed out after 5000 milliseconds with 367412977336320 bytes received"} []
[2018-11-22 18:36:05] security.DEBUG: Stored the security token in the session. {"key":"_security_main"} []
[2018-11-22 18:36:33] request.INFO: Matched route "admin_module_configure_action". {"route":"admin_module_configure_action","route_parameters":{"_controller":"PrestaShopBundle\\Controller\\Admin\\ModuleController::configureModuleAction","_legacy_controller":"AdminModules","module_name":"ps_mainmenu","_route":"admin_module_configure_action"},"request_uri":"http://localhost/prestashop/admin5957rajmy/index.php/module/manage/action/configure/ps_mainmenu?_token=uayXHMLCeWHZmfM3jVFyCeOo8HeyMX2KwVpxWpPNt28","method":"POST"} []
[2018-11-22 18:36:33] security.DEBUG: Read existing security token from the session. {"key":"_security_main","token_class":"Symfony\\Component\\Security\\Core\\Authentication\\Token\\UsernamePasswordToken"} []
[2018-11-22 18:36:33] security.DEBUG: User was reloaded from a user provider. {"provider":"PrestaShopBundle\\Security\\Admin\\EmployeeProvider","username":"alequiroz098@gmail.com"} []
[2018-11-22 18:36:39] app.ERROR: Data from PrestaShop Addons is invalid, and cannot fallback on cache.  {"exception":"cURL error 28: Operation timed out after 5000 milliseconds with 925376473726976 bytes received"} []
[2018-11-22 18:36:41] security.DEBUG: Stored the security token in the session. {"key":"_security_main"} []
[2018-11-26 13:17:44] request.INFO: Matched route "admin_module_manage". {"route":"admin_module_manage","route_parameters":{"category":null,"keyword":null,"_controller":"PrestaShopBundle\\Controller\\Admin\\ModuleController::manageAction","_legacy_controller":"AdminModulesManage","_route":"admin_module_manage"},"request_uri":"http://localhost/prestashop/admin5957rajmy/index.php/module/manage?_token=uayXHMLCeWHZmfM3jVFyCeOo8HeyMX2KwVpxWpPNt28","method":"GET"} []
[2018-11-26 13:17:44] security.DEBUG: Read existing security token from the session. {"key":"_security_main","token_class":"Symfony\\Component\\Security\\Core\\Authentication\\Token\\UsernamePasswordToken"} []
[2018-11-26 13:17:44] security.DEBUG: User was reloaded from a user provider. {"provider":"PrestaShopBundle\\Security\\Admin\\EmployeeProvider","username":"alequiroz098@gmail.com"} []
[2018-11-26 13:17:51] app.ERROR: Data from PrestaShop Addons is invalid, and cannot fallback on cache.  {"exception":"cURL error 28: Operation timed out after 5000 milliseconds with 321920683737088 bytes received"} []
[2018-11-26 13:18:01] security.DEBUG: Stored the security token in the session. {"key":"_security_main"} []
[2018-11-26 13:18:09] request.INFO: Matched route "admin_module_notification_count". {"route":"admin_module_notification_count","route_parameters":{"_controller":"PrestaShopBundle\\Controller\\Admin\\ModuleController::notificationsCountAction","_legacy_controller":"AdminModulesNotifications","_route":"admin_module_notification_count"},"request_uri":"http://localhost/prestashop/admin5957rajmy/index.php/module/notifications/count?_token=uayXHMLCeWHZmfM3jVFyCeOo8HeyMX2KwVpxWpPNt28","method":"GET"} []
[2018-11-26 13:18:09] security.DEBUG: Read existing security token from the session. {"key":"_security_main","token_class":"Symfony\\Component\\Security\\Core\\Authentication\\Token\\UsernamePasswordToken"} []
[2018-11-26 13:18:09] security.DEBUG: User was reloaded from a user provider. {"provider":"PrestaShopBundle\\Security\\Admin\\EmployeeProvider","username":"alequiroz098@gmail.com"} []
[2018-11-26 13:18:15] app.ERROR: Data from PrestaShop Addons is invalid, and cannot fallback on cache.  {"exception":"cURL error 28: Operation timed out after 5000 milliseconds with 906757790498816 bytes received"} []
[2018-11-26 13:18:16] security.DEBUG: Stored the security token in the session. {"key":"_security_main"} []
[2018-11-26 15:36:32] request.INFO: Matched route "admin_module_catalog_refresh". {"route":"admin_module_catalog_refresh","route_parameters":{"category":null,"keyword":null,"_controller":"PrestaShopBundle\\Controller\\Admin\\ModuleController::refreshCatalogAction","_legacy_controller":"AdminModulesCatalog","_route":"admin_module_catalog_refresh"},"request_uri":"http://localhost/prestashop/admin5957rajmy/index.php/module/catalog/refresh?_token=uayXHMLCeWHZmfM3jVFyCeOo8HeyMX2KwVpxWpPNt28","method":"GET"} []
[2018-11-26 15:36:32] security.DEBUG: Read existing security token from the session. {"key":"_security_main","token_class":"Symfony\\Component\\Security\\Core\\Authentication\\Token\\UsernamePasswordToken"} []
[2018-11-26 15:36:33] security.DEBUG: User was reloaded from a user provider. {"provider":"PrestaShopBundle\\Security\\Admin\\EmployeeProvider","username":"alequiroz098@gmail.com"} []
[2018-11-26 15:36:39] app.ERROR: Data from PrestaShop Addons is invalid, and cannot fallback on cache.  {"exception":"cURL error 28: Operation timed out after 5000 milliseconds with 0 bytes received"} []
[2018-11-26 15:36:41] security.DEBUG: Stored the security token in the session. {"key":"_security_main"} []
[2018-11-26 15:36:34] request.INFO: Matched route "admin_module_notification_count". {"route":"admin_module_notification_count","route_parameters":{"_controller":"PrestaShopBundle\\Controller\\Admin\\ModuleController::notificationsCountAction","_legacy_controller":"AdminModulesNotifications","_route":"admin_module_notification_count"},"request_uri":"http://localhost/prestashop/admin5957rajmy/index.php/module/notifications/count?_token=uayXHMLCeWHZmfM3jVFyCeOo8HeyMX2KwVpxWpPNt28","method":"GET"} []
[2018-11-26 15:36:41] security.DEBUG: Read existing security token from the session. {"key":"_security_main","token_class":"Symfony\\Component\\Security\\Core\\Authentication\\Token\\UsernamePasswordToken"} []
[2018-11-26 15:36:41] security.DEBUG: User was reloaded from a user provider. {"provider":"PrestaShopBundle\\Security\\Admin\\EmployeeProvider","username":"alequiroz098@gmail.com"} []
[2018-11-26 15:36:47] app.ERROR: Data from PrestaShop Addons is invalid, and cannot fallback on cache.  {"exception":"cURL error 28: Operation timed out after 5000 milliseconds with 1033059893772288 bytes received"} []
[2018-11-26 15:36:48] security.DEBUG: Stored the security token in the session. {"key":"_security_main"} []
[2018-11-27 12:15:52] app.ERROR: Data from PrestaShop Addons is invalid, and cannot fallback on cache.  {"exception":"cURL error 28: Operation timed out after 5000 milliseconds with 0 out of 0 bytes received"} []
[2018-11-29 13:32:40] app.ERROR: Data from PrestaShop Addons is invalid, and cannot fallback on cache.  {"exception":"cURL error 60: SSL certificate problem: self signed certificate in certificate chain"} []
[2018-11-29 13:33:57] request.INFO: Matched route "admin_module_manage". {"route":"admin_module_manage","route_parameters":{"category":null,"keyword":null,"_controller":"PrestaShopBundle\\Controller\\Admin\\ModuleController::manageAction","_legacy_controller":"AdminModulesManage","_route":"admin_module_manage"},"request_uri":"http://localhost/prestashop/admin5957rajmy/index.php/module/manage?_token=uayXHMLCeWHZmfM3jVFyCeOo8HeyMX2KwVpxWpPNt28","method":"GET"} []
[2018-11-29 13:33:58] security.DEBUG: Read existing security token from the session. {"key":"_security_main","token_class":"Symfony\\Component\\Security\\Core\\Authentication\\Token\\UsernamePasswordToken"} []
[2018-11-29 13:33:58] security.DEBUG: User was reloaded from a user provider. {"provider":"PrestaShopBundle\\Security\\Admin\\EmployeeProvider","username":"alequiroz098@gmail.com"} []
[2018-11-29 13:34:02] app.ERROR: Data from PrestaShop Addons is invalid, and cannot fallback on cache.  {"exception":"cURL error 60: SSL certificate problem: self signed certificate in certificate chain"} []
[2018-11-29 13:34:03] app.ERROR: Module & services categories could not be loaded from marketplace API [] []
[2018-11-29 13:34:14] security.DEBUG: Stored the security token in the session. {"key":"_security_main"} []
[2018-11-29 13:37:43] app.ERROR: Data from PrestaShop Addons is invalid, and cannot fallback on cache.  {"exception":"cURL error 60: SSL certificate problem: self signed certificate in certificate chain"} []
[2018-11-29 13:37:43] request.INFO: Matched route "admin_module_manage". {"route":"admin_module_manage","route_parameters":{"category":null,"keyword":null,"_controller":"PrestaShopBundle\\Controller\\Admin\\ModuleController::manageAction","_legacy_controller":"AdminModulesManage","_route":"admin_module_manage"},"request_uri":"http://localhost/prestashop/admin5957rajmy/index.php/module/manage?_token=uayXHMLCeWHZmfM3jVFyCeOo8HeyMX2KwVpxWpPNt28","method":"GET"} []
[2018-11-29 13:37:49] security.DEBUG: Read existing security token from the session. {"key":"_security_main","token_class":"Symfony\\Component\\Security\\Core\\Authentication\\Token\\UsernamePasswordToken"} []
[2018-11-29 13:37:49] security.DEBUG: User was reloaded from a user provider. {"provider":"PrestaShopBundle\\Security\\Admin\\EmployeeProvider","username":"alequiroz098@gmail.com"} []
[2018-11-29 13:37:51] app.ERROR: Data from PrestaShop Addons is invalid, and cannot fallback on cache.  {"exception":"cURL error 60: SSL certificate problem: self signed certificate in certificate chain"} []
[2018-11-29 13:37:52] app.ERROR: Module & services categories could not be loaded from marketplace API [] []
[2018-11-29 13:37:59] security.DEBUG: Stored the security token in the session. {"key":"_security_main"} []
[2018-11-29 13:38:04] request.INFO: Matched route "admin_module_notification_count". {"route":"admin_module_notification_count","route_parameters":{"_controller":"PrestaShopBundle\\Controller\\Admin\\ModuleController::notificationsCountAction","_legacy_controller":"AdminModulesNotifications","_route":"admin_module_notification_count"},"request_uri":"http://localhost/prestashop/admin5957rajmy/index.php/module/notifications/count?_token=uayXHMLCeWHZmfM3jVFyCeOo8HeyMX2KwVpxWpPNt28","method":"GET"} []
[2018-11-29 13:38:04] security.DEBUG: Read existing security token from the session. {"key":"_security_main","token_class":"Symfony\\Component\\Security\\Core\\Authentication\\Token\\UsernamePasswordToken"} []
[2018-11-29 13:38:04] security.DEBUG: User was reloaded from a user provider. {"provider":"PrestaShopBundle\\Security\\Admin\\EmployeeProvider","username":"alequiroz098@gmail.com"} []
[2018-11-29 13:38:05] app.ERROR: Data from PrestaShop Addons is invalid, and cannot fallback on cache.  {"exception":"cURL error 60: SSL certificate problem: self signed certificate in certificate chain"} []
[2018-11-29 13:38:06] security.DEBUG: Stored the security token in the session. {"key":"_security_main"} []
[2018-11-29 13:39:43] app.ERROR: Data from PrestaShop Addons is invalid, and cannot fallback on cache.  {"exception":"cURL error 60: SSL certificate problem: self signed certificate in certificate chain"} []
[2018-11-29 13:40:03] app.ERROR: Data from PrestaShop Addons is invalid, and cannot fallback on cache.  {"exception":"cURL error 60: SSL certificate problem: self signed certificate in certificate chain"} []
